2025-02-21 07:50:33 error: [Cake\Database\Exception\DatabaseException] Cannot describe all. It has 0 columns. in /home/eoten/Documents/IUT/S4/listecourses_Eoten_Romain/vendor/cakephp/cakephp/src/Database/Schema/Collection.php on line 117
Stack Trace:
- CORE/src/ORM/Table.php:524
- ROOT/vendor/cakephp/bake/src/Command/ModelCommand.php:116
- ROOT/vendor/cakephp/bake/src/Command/ModelCommand.php:99
- ROOT/vendor/cakephp/bake/src/Command/AllCommand.php:120
- CORE/src/Console/BaseCommand.php:202
- CORE/src/Console/CommandRunner.php:330
- CORE/src/Console/CommandRunner.php:168
- ROOT/bin/cake.php:10
- [main]:

2025-02-21 08:02:51 error: [Cake\Database\Exception\DatabaseException] Cannot describe ingredientsrecipies. It has 0 columns. in /home/eoten/Documents/IUT/S4/listecourses_Eoten_Romain/vendor/cakephp/cakephp/src/Database/Schema/Collection.php on line 117
Stack Trace:
- CORE/src/ORM/Table.php:524
- ROOT/vendor/cakephp/bake/src/Command/ModelCommand.php:116
- ROOT/vendor/cakephp/bake/src/Command/ModelCommand.php:99
- ROOT/vendor/cakephp/bake/src/Command/AllCommand.php:120
- CORE/src/Console/BaseCommand.php:202
- CORE/src/Console/CommandRunner.php:330
- CORE/src/Console/CommandRunner.php:168
- ROOT/bin/cake.php:10
- [main]:

2025-03-17 10:24:54 warning: The connection is going to be closed but there is an active transaction.
2025-03-17 10:26:24 warning: The connection is going to be closed but there is an active transaction.
2025-03-17 10:26:46 warning: The connection is going to be closed but there is an active transaction.
2025-12-04 11:06:44 warning: The connection is going to be closed but there is an active transaction.
2025-12-04 11:06:44 warning: The connection is going to be closed but there is an active transaction.
2025-12-04 11:06:45 warning: The connection is going to be closed but there is an active transaction.
2025-12-04 11:06:46 warning: The connection is going to be closed but there is an active transaction.
2025-12-04 11:06:47 warning: The connection is going to be closed but there is an active transaction.
2025-12-04 11:06:49 warning: The connection is going to be closed but there is an active transaction.
2025-12-04 11:06:52 warning: The connection is going to be closed but there is an active transaction.
2025-12-04 11:06:59 warning: The connection is going to be closed but there is an active transaction.
2025-12-04 11:07:12 warning: The connection is going to be closed but there is an active transaction.
2025-12-04 11:07:38 warning: The connection is going to be closed but there is an active transaction.
2025-12-04 11:08:30 warning: The connection is going to be closed but there is an active transaction.
