2025-12-04 11:06:44 debug: Since 4.6.0: setConstraint() is deprecated. Use setName() instead.
/var/www/html/vendor/cakephp/migrations/src/Db/Table/ForeignKey.php, line: 285
You can disable all deprecation warnings by setting `Error.errorLevel` to `E_ALL & ~E_USER_DEPRECATED`. Adding `vendor/cakephp/migrations/src/Db/Table/ForeignKey.php` to `Error.ignoredDeprecationPaths` in your `config/app.php` config will mute deprecations from that file only.
Trace:
Cake\Error\ErrorTrap->handleError() [internal], line ??
/var/www/html/vendor/cakephp/cakephp/src/Core/functions.php /var/www/html/vendor/cakephp/cakephp/src/Core/functions.php, line 384
/var/www/html/vendor/cakephp/migrations/src/Db/Table/ForeignKey.php /var/www/html/vendor/cakephp/migrations/src/Db/Table/ForeignKey.php, line 223
Migrations\Db\Table\ForeignKey->setConstraint() /var/www/html/vendor/cakephp/migrations/src/Db/Table/ForeignKey.php, line 285
Migrations\Db\Table\ForeignKey->setOptions() /var/www/html/vendor/cakephp/migrations/src/Db/Action/AddForeignKey.php, line 61
Migrations\Db\Action\AddForeignKey::build() /var/www/html/vendor/cakephp/migrations/src/Db/Table.php, line 505
Migrations\Db\Table->addForeignKey() /var/www/html/config/Migrations/20250317102242_MigrationName.php, line 208
MigrationName->up() /var/www/html/vendor/cakephp/migrations/src/Migration/Environment.php, line 122
Migrations\Migration\Environment->executeMigration() /var/www/html/vendor/cakephp/migrations/src/Migration/Manager.php, line 471
Migrations\Migration\Manager->executeMigration() /var/www/html/vendor/cakephp/migrations/src/Migration/Manager.php, line 443
Migrations\Migration\Manager->migrate() /var/www/html/vendor/cakephp/migrations/src/Command/MigrateCommand.php, line 154
Migrations\Command\MigrateCommand->executeMigrations() /var/www/html/vendor/cakephp/migrations/src/Command/MigrateCommand.php, line 107
Migrations\Command\MigrateCommand->execute() /var/www/html/vendor/cakephp/cakephp/src/Console/BaseCommand.php, line 202
Cake\Console\BaseCommand->run() /var/www/html/vendor/cakephp/cakephp/src/Console/CommandRunner.php, line 330
Cake\Console\CommandRunner->runCommand() /var/www/html/vendor/cakephp/cakephp/src/Console/CommandRunner.php, line 168
Cake\Console\CommandRunner->run() /var/www/html/bin/cake.php, line 10
[main]

2025-12-04 11:08:44 debug: Since 4.6.0: setConstraint() is deprecated. Use setName() instead.
/var/www/html/vendor/cakephp/migrations/src/Db/Table/ForeignKey.php, line: 285
You can disable all deprecation warnings by setting `Error.errorLevel` to `E_ALL & ~E_USER_DEPRECATED`. Adding `vendor/cakephp/migrations/src/Db/Table/ForeignKey.php` to `Error.ignoredDeprecationPaths` in your `config/app.php` config will mute deprecations from that file only.
Trace:
Cake\Error\ErrorTrap->handleError() [internal], line ??
/var/www/html/vendor/cakephp/cakephp/src/Core/functions.php /var/www/html/vendor/cakephp/cakephp/src/Core/functions.php, line 384
/var/www/html/vendor/cakephp/migrations/src/Db/Table/ForeignKey.php /var/www/html/vendor/cakephp/migrations/src/Db/Table/ForeignKey.php, line 223
Migrations\Db\Table\ForeignKey->setConstraint() /var/www/html/vendor/cakephp/migrations/src/Db/Table/ForeignKey.php, line 285
Migrations\Db\Table\ForeignKey->setOptions() /var/www/html/vendor/cakephp/migrations/src/Db/Action/AddForeignKey.php, line 61
Migrations\Db\Action\AddForeignKey::build() /var/www/html/vendor/cakephp/migrations/src/Db/Table.php, line 505
Migrations\Db\Table->addForeignKey() /var/www/html/config/Migrations/20250317102242_MigrationName.php, line 208
MigrationName->up() /var/www/html/vendor/cakephp/migrations/src/Migration/Environment.php, line 122
Migrations\Migration\Environment->executeMigration() /var/www/html/vendor/cakephp/migrations/src/Migration/Manager.php, line 471
Migrations\Migration\Manager->executeMigration() /var/www/html/vendor/cakephp/migrations/src/Migration/Manager.php, line 443
Migrations\Migration\Manager->migrate() /var/www/html/vendor/cakephp/migrations/src/Command/MigrateCommand.php, line 154
Migrations\Command\MigrateCommand->executeMigrations() /var/www/html/vendor/cakephp/migrations/src/Command/MigrateCommand.php, line 107
Migrations\Command\MigrateCommand->execute() /var/www/html/vendor/cakephp/cakephp/src/Console/BaseCommand.php, line 202
Cake\Console\BaseCommand->run() /var/www/html/vendor/cakephp/cakephp/src/Console/CommandRunner.php, line 330
Cake\Console\CommandRunner->runCommand() /var/www/html/vendor/cakephp/cakephp/src/Console/CommandRunner.php, line 168
Cake\Console\CommandRunner->run() /var/www/html/bin/cake.php, line 10
[main]

